<?xml version="1.0" encoding="UTF-8"?>
<coverage generated="1610593641198" clover="3.2.0">
  <project timestamp="1610593641198" name="All files">
    <metrics statements="17" coveredstatements="15" conditionals="3" coveredconditionals="2" methods="2" coveredmethods="2" elements="22" coveredelements="19" complexity="0" loc="17" ncloc="17" packages="1" files="1" classes="1"/>
    <file name="math.js" path="C:\Users\tctao\Desktop\Web Projects\HelloWeb\jest-study\math.js">
      <metrics statements="17" coveredstatements="15" conditionals="3" coveredconditionals="2" methods="2" coveredmethods="2"/>
      <line num="1" count="1" type="cond" truecount="1" falsecount="0"/>
      <line num="2" count="1" type="stmt"/>
      <line num="3" count="1" type="stmt"/>
      <line num="4" count="1" type="stmt"/>
      <line num="5" count="1" type="cond" truecount="1" falsecount="0"/>
      <line num="6" count="1" type="stmt"/>
      <line num="7" count="1" type="stmt"/>
      <line num="8" count="1" type="stmt"/>
      <line num="9" count="1" type="stmt"/>
      <line num="10" count="1" type="stmt"/>
      <line num="11" count="1" type="stmt"/>
      <line num="12" count="1" type="stmt"/>
      <line num="13" count="1" type="stmt"/>
      <line num="14" count="1" type="stmt"/>
      <line num="15" count="1" type="cond" truecount="0" falsecount="1"/>
      <line num="16" count="0" type="stmt"/>
      <line num="17" count="0" type="stmt"/>
    </file>
  </project>
</coverage>
